{"C:\\Windows\\WinRg\\web\\betvictor_test\\getWebpackRequire.js":{"path":"C:\\Windows\\WinRg\\web\\betvictor_test\\getWebpackRequire.js","s":{"1":1,"2":1,"3":1,"4":1,"5":1,"6":1,"7":1},"b":{},"f":{},"fnMap":{},"statementMap":{"1":{"start":{"line":2,"column":0},"end":{"line":2,"column":36}},"2":{"start":{"line":3,"column":0},"end":{"line":3,"column":50}},"3":{"start":{"line":6,"column":0},"end":{"line":6,"column":25}},"4":{"start":{"line":7,"column":0},"end":{"line":7,"column":34}},"5":{"start":{"line":8,"column":0},"end":{"line":8,"column":61}},"6":{"start":{"line":9,"column":0},"end":{"line":9,"column":36}},"7":{"start":{"line":10,"column":0},"end":{"line":10,"column":27}}},"branchMap":{}},"C:\\Windows\\WinRg\\web\\betvictor_test\\gulpfile.js":{"path":"C:\\Windows\\WinRg\\web\\betvictor_test\\gulpfile.js","s":{"1":1,"2":1,"3":1,"4":1,"5":1,"6":1,"7":1,"8":1,"9":1,"10":1,"11":1,"12":1},"b":{},"f":{},"fnMap":{},"statementMap":{"1":{"start":{"line":1,"column":0},"end":{"line":1,"column":33}},"2":{"start":{"line":2,"column":0},"end":{"line":10,"column":0}},"3":{"start":{"line":10,"column":0},"end":{"line":10,"column":27}},"4":{"start":{"line":11,"column":0},"end":{"line":11,"column":69}},"5":{"start":{"line":15,"column":0},"end":{"line":19,"column":0}},"6":{"start":{"line":19,"column":0},"end":{"line":23,"column":0}},"7":{"start":{"line":23,"column":0},"end":{"line":27,"column":0}},"8":{"start":{"line":27,"column":0},"end":{"line":27,"column":89}},"9":{"start":{"line":28,"column":0},"end":{"line":28,"column":87}},"10":{"start":{"line":32,"column":0},"end":{"line":38,"column":0}},"11":{"start":{"line":38,"column":0},"end":{"line":43,"column":3}},"12":{"start":{"line":45,"column":0},"end":{"line":49,"column":0}}},"branchMap":{}},"C:\\Windows\\WinRg\\web\\betvictor_test\\src\\server\\settings.js":{"path":"C:\\Windows\\WinRg\\web\\betvictor_test\\src\\server\\settings.js","s":{"1":1,"2":1,"3":1},"b":{},"f":{"1":1,"2":1},"fnMap":{"1":{"name":"(anonymous_1)","line":1,"loc":{"start":{"line":1,"column":1},"end":{"line":1,"column":68}}},"2":{"name":"(anonymous_2)","line":1,"loc":{"start":{"line":1,"column":86},"end":{"line":1,"column":96}}}},"statementMap":{"1":{"start":{"line":1,"column":0},"end":{"line":8,"column":0}},"2":{"start":{"line":1,"column":69},"end":{"line":7,"column":0}},"3":{"start":{"line":2,"column":4},"end":{"line":5,"column":0}}},"branchMap":{}},"C:\\Windows\\WinRg\\web\\betvictor_test\\src\\server\\DataSource.js":{"path":"C:\\Windows\\WinRg\\web\\betvictor_test\\src\\server\\DataSource.js","s":{"1":1,"2":1,"3":1,"4":1,"5":1,"6":16,"7":16,"8":16,"9":16,"10":1,"11":3,"12":18,"13":18,"14":18,"15":9,"16":4,"17":5,"18":9,"19":18,"20":4,"21":4,"22":4,"23":2,"24":2,"25":4,"26":3,"27":3,"28":3,"29":1,"30":1,"31":2,"32":1,"33":1,"34":1,"35":2,"36":14,"37":14,"38":11,"39":1,"40":10,"41":10,"42":1,"43":9,"44":9,"45":9,"46":3,"47":14,"48":1},"b":{"1":[9,9],"2":[1,2],"3":[1,10]},"f":{"1":1,"2":16,"3":3,"4":18,"5":4,"6":5,"7":4,"8":2,"9":2,"10":3,"11":1,"12":1,"13":14,"14":11,"15":3},"fnMap":{"1":{"name":"(anonymous_1)","line":1,"loc":{"start":{"line":1,"column":1},"end":{"line":1,"column":68}}},"2":{"name":"(anonymous_2)","line":21,"loc":{"start":{"line":21,"column":17},"end":{"line":21,"column":34}}},"3":{"name":"(anonymous_3)","line":59,"loc":{"start":{"line":59,"column":20},"end":{"line":59,"column":30}}},"4":{"name":"(anonymous_4)","line":72,"loc":{"start":{"line":72,"column":13},"end":{"line":72,"column":30}}},"5":{"name":"(anonymous_5)","line":78,"loc":{"start":{"line":78,"column":32},"end":{"line":78,"column":42}}},"6":{"name":"(anonymous_6)","line":80,"loc":{"start":{"line":80,"column":32},"end":{"line":80,"column":45}}},"7":{"name":"(anonymous_7)","line":98,"loc":{"start":{"line":98,"column":15},"end":{"line":98,"column":32}}},"8":{"name":"(anonymous_8)","line":105,"loc":{"start":{"line":105,"column":16},"end":{"line":105,"column":30}}},"9":{"name":"(anonymous_9)","line":107,"loc":{"start":{"line":107,"column":17},"end":{"line":107,"column":30}}},"10":{"name":"(anonymous_10)","line":122,"loc":{"start":{"line":122,"column":15},"end":{"line":122,"column":32}}},"11":{"name":"(anonymous_11)","line":134,"loc":{"start":{"line":134,"column":16},"end":{"line":134,"column":32}}},"12":{"name":"(anonymous_12)","line":137,"loc":{"start":{"line":137,"column":17},"end":{"line":137,"column":30}}},"13":{"name":"(anonymous_13)","line":149,"loc":{"start":{"line":149,"column":13},"end":{"line":149,"column":23}}},"14":{"name":"(anonymous_14)","line":151,"loc":{"start":{"line":151,"column":49},"end":{"line":151,"column":68}}},"15":{"name":"(anonymous_15)","line":163,"loc":{"start":{"line":163,"column":28},"end":{"line":163,"column":41}}}},"statementMap":{"1":{"start":{"line":1,"column":0},"end":{"line":180,"column":0}},"2":{"start":{"line":1,"column":69},"end":{"line":1,"column":101}},"3":{"start":{"line":2,"column":0},"end":{"line":2,"column":27}},"4":{"start":{"line":3,"column":0},"end":{"line":3,"column":33}},"5":{"start":{"line":21,"column":0},"end":{"line":51,"column":0}},"6":{"start":{"line":22,"column":4},"end":{"line":24,"column":16}},"7":{"start":{"line":31,"column":4},"end":{"line":31,"column":21}},"8":{"start":{"line":37,"column":4},"end":{"line":37,"column":32}},"9":{"start":{"line":44,"column":4},"end":{"line":44,"column":29}},"10":{"start":{"line":51,"column":0},"end":{"line":177,"column":0}},"11":{"start":{"line":60,"column":8},"end":{"line":60,"column":34}},"12":{"start":{"line":73,"column":8},"end":{"line":76,"column":8}},"13":{"start":{"line":76,"column":8},"end":{"line":76,"column":33}},"14":{"start":{"line":77,"column":8},"end":{"line":85,"column":9}},"15":{"start":{"line":78,"column":12},"end":{"line":83,"column":8}},"16":{"start":{"line":79,"column":16},"end":{"line":79,"column":55}},"17":{"start":{"line":81,"column":16},"end":{"line":81,"column":37}},"18":{"start":{"line":84,"column":12},"end":{"line":84,"column":51}},"19":{"start":{"line":86,"column":8},"end":{"line":86,"column":32}},"20":{"start":{"line":99,"column":8},"end":{"line":102,"column":8}},"21":{"start":{"line":102,"column":8},"end":{"line":102,"column":33}},"22":{"start":{"line":103,"column":8},"end":{"line":110,"column":8}},"23":{"start":{"line":106,"column":12},"end":{"line":106,"column":52}},"24":{"start":{"line":108,"column":12},"end":{"line":108,"column":33}},"25":{"start":{"line":110,"column":8},"end":{"line":110,"column":32}},"26":{"start":{"line":123,"column":8},"end":{"line":127,"column":8}},"27":{"start":{"line":127,"column":8},"end":{"line":127,"column":33}},"28":{"start":{"line":128,"column":8},"end":{"line":131,"column":9}},"29":{"start":{"line":129,"column":12},"end":{"line":129,"column":71}},"30":{"start":{"line":130,"column":12},"end":{"line":130,"column":36}},"31":{"start":{"line":132,"column":8},"end":{"line":140,"column":8}},"32":{"start":{"line":135,"column":12},"end":{"line":135,"column":67}},"33":{"start":{"line":136,"column":12},"end":{"line":136,"column":43}},"34":{"start":{"line":138,"column":12},"end":{"line":138,"column":33}},"35":{"start":{"line":140,"column":8},"end":{"line":140,"column":32}},"36":{"start":{"line":150,"column":8},"end":{"line":150,"column":33}},"37":{"start":{"line":151,"column":8},"end":{"line":165,"column":11}},"38":{"start":{"line":152,"column":12},"end":{"line":154,"column":13}},"39":{"start":{"line":153,"column":16},"end":{"line":153,"column":73}},"40":{"start":{"line":155,"column":12},"end":{"line":159,"column":13}},"41":{"start":{"line":156,"column":16},"end":{"line":156,"column":44}},"42":{"start":{"line":158,"column":16},"end":{"line":158,"column":66}},"43":{"start":{"line":160,"column":12},"end":{"line":160,"column":45}},"44":{"start":{"line":161,"column":12},"end":{"line":161,"column":46}},"45":{"start":{"line":162,"column":12},"end":{"line":162,"column":31}},"46":{"start":{"line":164,"column":12},"end":{"line":164,"column":33}},"47":{"start":{"line":166,"column":8},"end":{"line":166,"column":32}},"48":{"start":{"line":177,"column":0},"end":{"line":177,"column":28}}},"branchMap":{"1":{"line":77,"type":"if","locations":[{"start":{"line":77,"column":8},"end":{"line":77,"column":8}},{"start":{"line":77,"column":8},"end":{"line":77,"column":8}}]},"2":{"line":128,"type":"if","locations":[{"start":{"line":128,"column":8},"end":{"line":128,"column":8}},{"start":{"line":128,"column":8},"end":{"line":128,"column":8}}]},"3":{"line":152,"type":"if","locations":[{"start":{"line":152,"column":12},"end":{"line":152,"column":12}},{"start":{"line":152,"column":12},"end":{"line":152,"column":12}}]}}}}