TN:
SF:E:\Totty\Web\betvictor-test\src\server\settings.js
FN:1,(anonymous_1)
FN:4,(anonymous_2)
FNF:2
FNH:2
FNDA:1,(anonymous_1)
FNDA:4,(anonymous_2)
DA:1,1
DA:4,1
DA:5,4
LF:3
LH:3
BRF:0
BRH:0
end_of_record
TN:
SF:E:\Totty\Web\betvictor-test\src\server\DataSource.js
FN:1,(anonymous_1)
FN:23,(anonymous_2)
FN:61,(anonymous_3)
FN:74,(anonymous_4)
FN:80,(anonymous_5)
FN:82,(anonymous_6)
FN:100,(anonymous_7)
FN:107,(anonymous_8)
FN:109,(anonymous_9)
FN:111,(anonymous_10)
FN:128,(anonymous_11)
FN:140,(anonymous_12)
FN:144,(anonymous_13)
FN:146,(anonymous_14)
FN:164,(anonymous_15)
FN:182,(anonymous_16)
FN:191,(anonymous_17)
FN:203,(anonymous_18)
FN:205,(anonymous_19)
FN:217,(anonymous_20)
FNF:20
FNH:20
FNDA:1,(anonymous_1)
FNDA:44,(anonymous_2)
FNDA:189,(anonymous_3)
FNDA:211,(anonymous_4)
FNDA:8,(anonymous_5)
FNDA:6,(anonymous_6)
FNDA:10,(anonymous_7)
FNDA:8,(anonymous_8)
FNDA:128,(anonymous_9)
FNDA:2,(anonymous_10)
FNDA:25,(anonymous_11)
FNDA:22,(anonymous_12)
FNDA:123,(anonymous_13)
FNDA:2,(anonymous_14)
FNDA:168,(anonymous_15)
FNDA:164,(anonymous_16)
FNDA:2,(anonymous_17)
FNDA:42,(anonymous_18)
FNDA:36,(anonymous_19)
FNDA:6,(anonymous_20)
DA:1,1
DA:2,1
DA:3,1
DA:23,1
DA:24,44
DA:33,44
DA:39,44
DA:46,44
DA:53,1
DA:62,189
DA:75,211
DA:78,211
DA:79,211
DA:80,14
DA:81,8
DA:83,6
DA:86,197
DA:88,211
DA:101,10
DA:104,10
DA:105,10
DA:108,8
DA:109,128
DA:110,8
DA:112,2
DA:114,10
DA:129,25
DA:133,25
DA:134,25
DA:135,1
DA:136,1
DA:138,24
DA:141,22
DA:142,22
DA:143,22
DA:144,123
DA:145,22
DA:147,2
DA:149,24
DA:165,168
DA:170,168
DA:171,168
DA:172,1
DA:173,1
DA:175,167
DA:176,1
DA:177,1
DA:179,166
DA:183,164
DA:184,164
DA:185,2
DA:187,162
DA:188,162
DA:189,162
DA:190,162
DA:192,2
DA:194,166
DA:204,42
DA:205,42
DA:206,36
DA:207,1
DA:209,35
DA:210,35
DA:212,1
DA:214,34
DA:215,34
DA:216,34
DA:218,6
DA:220,42
DA:231,1
LF:70
LH:70
BRDA:79,1,0,14
BRDA:79,1,1,197
BRDA:134,2,0,1
BRDA:134,2,1,24
BRDA:142,3,0,20
BRDA:142,3,1,2
BRDA:144,4,0,22
BRDA:144,4,1,20
BRDA:171,5,0,1
BRDA:171,5,1,167
BRDA:175,6,0,1
BRDA:175,6,1,166
BRDA:184,7,0,2
BRDA:184,7,1,162
BRDA:189,8,0,161
BRDA:189,8,1,1
BRDA:206,9,0,1
BRDA:206,9,1,35
BRF:18
BRH:18
end_of_record
TN:
SF:E:\Totty\Web\betvictor-test\src\server\boot.js
FN:1,(anonymous_1)
FN:23,(anonymous_2)
FN:24,(anonymous_3)
FN:36,(anonymous_4)
FN:50,(anonymous_5)
FN:53,(anonymous_6)
FN:59,(anonymous_7)
FN:66,(anonymous_8)
FN:70,(anonymous_9)
FN:77,(anonymous_10)
FN:84,(anonymous_11)
FN:89,(anonymous_12)
FN:97,(anonymous_13)
FN:104,(anonymous_14)
FN:105,(anonymous_15)
FN:115,(anonymous_16)
FN:118,(anonymous_17)
FN:132,(anonymous_18)
FN:136,(anonymous_19)
FN:155,(anonymous_20)
FN:163,(anonymous_21)
FN:164,(anonymous_22)
FN:172,(anonymous_23)
FN:176,(anonymous_24)
FNF:24
FNH:24
FNDA:1,(anonymous_1)
FNDA:18,(anonymous_2)
FNDA:21,(anonymous_3)
FNDA:87,(anonymous_4)
FNDA:4,(anonymous_5)
FNDA:3,(anonymous_6)
FNDA:1,(anonymous_7)
FNDA:4,(anonymous_8)
FNDA:3,(anonymous_9)
FNDA:1,(anonymous_10)
FNDA:82,(anonymous_11)
FNDA:81,(anonymous_12)
FNDA:1,(anonymous_13)
FNDA:4,(anonymous_14)
FNDA:4,(anonymous_15)
FNDA:17,(anonymous_16)
FNDA:17,(anonymous_17)
FNDA:80,(anonymous_18)
FNDA:80,(anonymous_19)
FNDA:23,(anonymous_20)
FNDA:2,(anonymous_21)
FNDA:1,(anonymous_22)
FNDA:20,(anonymous_23)
FNDA:1,(anonymous_24)
DA:1,1
DA:2,1
DA:3,1
DA:4,1
DA:5,1
DA:6,1
DA:7,1
DA:8,1
DA:23,1
DA:24,1
DA:25,21
DA:28,21
DA:29,21
DA:35,21
DA:36,21
DA:37,87
DA:38,87
DA:39,87
DA:44,21
DA:50,21
DA:51,4
DA:52,4
DA:53,4
DA:54,3
DA:55,3
DA:56,3
DA:57,3
DA:58,3
DA:60,1
DA:66,21
DA:67,4
DA:68,4
DA:69,4
DA:70,4
DA:71,3
DA:72,3
DA:73,3
DA:74,3
DA:75,3
DA:76,3
DA:78,1
DA:84,21
DA:85,82
DA:86,82
DA:87,82
DA:88,82
DA:89,82
DA:90,81
DA:91,81
DA:92,81
DA:93,81
DA:94,81
DA:95,81
DA:96,81
DA:98,1
DA:104,21
DA:105,4
DA:106,4
DA:115,21
DA:116,17
DA:118,17
DA:119,17
DA:120,16
DA:125,1
DA:132,21
DA:133,80
DA:134,80
DA:136,80
DA:137,80
DA:138,79
DA:143,1
DA:151,21
DA:155,21
DA:156,23
DA:157,23
DA:158,23
DA:163,21
DA:164,2
DA:172,21
DA:173,20
DA:177,1
DA:179,21
LF:82
LH:82
BRDA:119,1,0,16
BRDA:119,1,1,1
BRDA:137,2,0,79
BRDA:137,2,1,1
BRF:4
BRH:4
end_of_record
TN:
SF:E:\Totty\Web\betvictor-test\src\client\ui\Root.js
FN:1,(anonymous_1)
FN:39,(anonymous_2)
FN:48,(anonymous_3)
FNF:3
FNH:3
FNDA:1,(anonymous_1)
FNDA:174,(anonymous_2)
FNDA:87,(anonymous_3)
DA:1,1
DA:2,1
DA:3,1
DA:4,1
DA:5,1
DA:6,1
DA:7,1
DA:8,1
DA:11,1
DA:24,1
DA:40,174
DA:49,87
DA:50,87
DA:51,3
DA:53,87
DA:54,3
DA:56,87
DA:57,81
DA:59,87
LF:19
LH:19
BRDA:50,1,0,3
BRDA:50,1,1,84
BRDA:53,2,0,3
BRDA:53,2,1,84
BRDA:56,3,0,81
BRDA:56,3,1,6
BRF:6
BRH:6
end_of_record
TN:
SF:E:\Totty\Web\betvictor-test\src\client\ui\Sports.js
FN:1,(anonymous_1)
FN:28,(anonymous_2)
FN:35,(anonymous_3)
FNF:3
FNH:3
FNDA:1,(anonymous_1)
FNDA:3,(anonymous_2)
FNDA:48,(anonymous_3)
DA:1,1
DA:2,1
DA:3,1
DA:13,1
DA:29,3
DA:36,48
DA:37,48
LF:7
LH:7
BRF:0
BRH:0
end_of_record
TN:
SF:E:\Totty\Web\betvictor-test\src\client\ui\Sport.js
FN:1,(anonymous_1)
FN:27,(anonymous_2)
FNF:2
FNH:2
FNDA:1,(anonymous_1)
FNDA:48,(anonymous_2)
DA:1,1
DA:2,1
DA:12,1
DA:28,48
LF:4
LH:4
BRF:0
BRH:0
end_of_record
TN:
SF:E:\Totty\Web\betvictor-test\src\client\ui\Events.js
FN:1,(anonymous_1)
FN:28,(anonymous_2)
FN:35,(anonymous_3)
FNF:3
FNH:3
FNDA:1,(anonymous_1)
FNDA:3,(anonymous_2)
FNDA:33,(anonymous_3)
DA:1,1
DA:2,1
DA:3,1
DA:13,1
DA:29,3
DA:36,33
DA:37,33
LF:7
LH:7
BRF:0
BRH:0
end_of_record
TN:
SF:E:\Totty\Web\betvictor-test\src\client\ui\Event.js
FN:1,(anonymous_1)
FN:27,(anonymous_2)
FNF:2
FNH:2
FNDA:1,(anonymous_1)
FNDA:33,(anonymous_2)
DA:1,1
DA:2,1
DA:12,1
DA:28,33
LF:4
LH:4
BRF:0
BRH:0
end_of_record
TN:
SF:E:\Totty\Web\betvictor-test\src\client\ui\Outcomes.js
FN:1,(anonymous_1)
FN:28,(anonymous_2)
FN:35,(anonymous_3)
FNF:3
FNH:3
FNDA:1,(anonymous_1)
FNDA:81,(anonymous_2)
FNDA:272,(anonymous_3)
DA:1,1
DA:2,1
DA:3,1
DA:13,1
DA:29,81
DA:36,272
DA:37,272
LF:7
LH:7
BRF:0
BRH:0
end_of_record
TN:
SF:E:\Totty\Web\betvictor-test\src\client\ui\Outcome.js
FN:1,(anonymous_1)
FN:27,(anonymous_2)
FNF:2
FNH:2
FNDA:1,(anonymous_1)
FNDA:272,(anonymous_2)
DA:1,1
DA:2,1
DA:12,1
DA:28,272
LF:4
LH:4
BRF:0
BRH:0
end_of_record
TN:
SF:E:\Totty\Web\betvictor-test\src\client\ui\Languages.js
FN:1,(anonymous_1)
FN:27,(anonymous_2)
FNF:2
FNH:2
FNDA:1,(anonymous_1)
FNDA:87,(anonymous_2)
DA:1,1
DA:2,1
DA:12,1
DA:28,87
DA:29,87
DA:30,84
DA:32,87
DA:33,81
DA:35,87
LF:9
LH:9
BRDA:29,1,0,84
BRDA:29,1,1,3
BRDA:32,2,0,81
BRDA:32,2,1,6
BRDA:39,3,0,84
BRDA:39,3,1,3
BRDA:43,4,0,3
BRDA:43,4,1,84
BRF:8
BRH:8
end_of_record
TN:
SF:E:\Totty\Web\betvictor-test\src\client\i18n\en_US.js
FN:1,(anonymous_1)
FNF:1
FNH:1
FNDA:1,(anonymous_1)
DA:1,1
DA:5,1
LF:2
LH:2
BRF:0
BRH:0
end_of_record
TN:
SF:E:\Totty\Web\betvictor-test\src\client\i18n\pt_PT.js
FN:1,(anonymous_1)
FNF:1
FNH:1
FNDA:1,(anonymous_1)
DA:1,1
DA:5,1
LF:2
LH:2
BRF:0
BRH:0
end_of_record
