TN:
SF:C:\Windows\WinRg\web\betvictor_test\getWebpackRequire.js
FNF:0
FNH:0
DA:2,1
DA:3,1
DA:6,1
DA:7,1
DA:8,1
DA:9,1
DA:10,1
LF:7
LH:7
BRF:0
BRH:0
end_of_record
TN:
SF:C:\Windows\WinRg\web\betvictor_test\gulpfile.js
FNF:0
FNH:0
DA:1,1
DA:2,1
DA:10,1
DA:11,1
DA:15,1
DA:19,1
DA:23,1
DA:27,1
DA:28,1
DA:32,1
DA:38,1
DA:45,1
LF:12
LH:12
BRF:0
BRH:0
end_of_record
TN:
SF:C:\Windows\WinRg\web\betvictor_test\src\server\settings.js
FN:1,(anonymous_1)
FN:1,(anonymous_2)
FNF:2
FNH:2
FNDA:1,(anonymous_1)
FNDA:1,(anonymous_2)
DA:1,1
DA:2,1
LF:2
LH:2
BRF:0
BRH:0
end_of_record
TN:
SF:C:\Windows\WinRg\web\betvictor_test\src\server\DataSource.js
FN:1,(anonymous_1)
FN:21,(anonymous_2)
FN:59,(anonymous_3)
FN:72,(anonymous_4)
FN:78,(anonymous_5)
FN:80,(anonymous_6)
FN:98,(anonymous_7)
FN:105,(anonymous_8)
FN:107,(anonymous_9)
FN:124,(anonymous_10)
FN:136,(anonymous_11)
FN:140,(anonymous_12)
FN:158,(anonymous_13)
FN:176,(anonymous_14)
FN:183,(anonymous_15)
FN:195,(anonymous_16)
FN:197,(anonymous_17)
FN:209,(anonymous_18)
FNF:18
FNH:18
FNDA:1,(anonymous_1)
FNDA:23,(anonymous_2)
FNDA:3,(anonymous_3)
FNDA:23,(anonymous_4)
FNDA:8,(anonymous_5)
FNDA:6,(anonymous_6)
FNDA:9,(anonymous_7)
FNDA:6,(anonymous_8)
FNDA:3,(anonymous_9)
FNDA:8,(anonymous_10)
FNDA:5,(anonymous_11)
FNDA:2,(anonymous_12)
FNDA:6,(anonymous_13)
FNDA:3,(anonymous_14)
FNDA:1,(anonymous_15)
FNDA:19,(anonymous_16)
FNDA:15,(anonymous_17)
FNDA:4,(anonymous_18)
DA:1,1
DA:2,1
DA:3,1
DA:21,1
DA:22,23
DA:31,23
DA:37,23
DA:44,23
DA:51,1
DA:60,3
DA:73,23
DA:76,23
DA:77,23
DA:78,14
DA:79,8
DA:81,6
DA:84,9
DA:86,23
DA:99,9
DA:102,9
DA:103,9
DA:106,6
DA:108,3
DA:110,9
DA:125,8
DA:129,8
DA:130,8
DA:131,1
DA:132,1
DA:134,7
DA:137,5
DA:138,5
DA:139,5
DA:141,2
DA:143,7
DA:159,6
DA:164,6
DA:165,6
DA:166,1
DA:167,1
DA:169,5
DA:170,1
DA:171,1
DA:173,4
DA:177,3
DA:178,1
DA:180,2
DA:181,2
DA:182,2
DA:184,1
DA:186,4
DA:196,19
DA:197,19
DA:198,15
DA:199,1
DA:201,14
DA:202,14
DA:204,1
DA:206,13
DA:207,13
DA:208,13
DA:210,4
DA:212,19
DA:223,1
LF:64
LH:64
BRDA:77,1,0,14
BRDA:77,1,1,9
BRDA:130,2,0,1
BRDA:130,2,1,7
BRDA:138,3,0,3
BRDA:138,3,1,2
BRDA:165,4,0,1
BRDA:165,4,1,5
BRDA:169,5,0,1
BRDA:169,5,1,4
BRDA:177,6,0,1
BRDA:177,6,1,2
BRDA:181,7,0,1
BRDA:181,7,1,1
BRDA:198,8,0,1
BRDA:198,8,1,14
BRF:16
BRH:16
end_of_record
